Determining if the pthread_create exist failed with the following output:
Change Dir: /home/oliver/Oliver/Programación/Algo 2/TP2/mapache/cmake-build-debug/CMakeFiles/CMakeTmp

Run Build Command:"/usr/bin/make" "cmTC_18968/fast"
/usr/bin/make -f CMakeFiles/cmTC_18968.dir/build.make CMakeFiles/cmTC_18968.dir/build
make[1]: Entering directory '/home/oliver/Oliver/Programación/Algo 2/TP2/mapache/cmake-build-debug/CMakeFiles/CMakeTmp'
Building C object CMakeFiles/cmTC_18968.dir/CheckSymbolExists.c.o
/usr/bin/cc     -o CMakeFiles/cmTC_18968.dir/CheckSymbolExists.c.o   -c "/home/oliver/Oliver/Programación/Algo 2/TP2/mapache/cmake-build-debug/CMakeFiles/CMakeTmp/CheckSymbolExists.c"
Linking C executable cmTC_18968
/home/oliver/Oliver/Programas/clion-2017.1.2/bin/cmake/bin/cmake -E cmake_link_script CMakeFiles/cmTC_18968.dir/link.txt --verbose=1
/usr/bin/cc       CMakeFiles/cmTC_18968.dir/CheckSymbolExists.c.o  -o cmTC_18968 
CMakeFiles/cmTC_18968.dir/CheckSymbolExists.c.o: In function `main':
CheckSymbolExists.c:(.text+0x16): undefined reference to `pthread_create'
collect2: error: ld returned 1 exit status
CMakeFiles/cmTC_18968.dir/build.make:97: recipe for target 'cmTC_18968' failed
make[1]: *** [cmTC_18968] Error 1
make[1]: Leaving directory '/home/oliver/Oliver/Programación/Algo 2/TP2/mapache/cmake-build-debug/CMakeFiles/CMakeTmp'
Makefile:126: recipe for target 'cmTC_18968/fast' failed
make: *** [cmTC_18968/fast] Error 2

File /home/oliver/Oliver/Programación/Algo 2/TP2/mapache/cmake-build-debug/CMakeFiles/CMakeTmp/CheckSymbolExists.c:
/* */
#include <pthread.h>

int main(int argc, char** argv)
{
  (void)argv;
#ifndef pthread_create
  return ((int*)(&pthread_create))[argc];
#else
  (void)argc;
  return 0;
#endif
}

Determining if the function pthread_create exists in the pthreads failed with the following output:
Change Dir: /home/oliver/Oliver/Programación/Algo 2/TP2/mapache/cmake-build-debug/CMakeFiles/CMakeTmp

Run Build Command:"/usr/bin/make" "cmTC_ae496/fast"
/usr/bin/make -f CMakeFiles/cmTC_ae496.dir/build.make CMakeFiles/cmTC_ae496.dir/build
make[1]: Entering directory '/home/oliver/Oliver/Programación/Algo 2/TP2/mapache/cmake-build-debug/CMakeFiles/CMakeTmp'
Building C object CMakeFiles/cmTC_ae496.dir/CheckFunctionExists.c.o
/usr/bin/cc    -DCHECK_FUNCTION_EXISTS=pthread_create   -o CMakeFiles/cmTC_ae496.dir/CheckFunctionExists.c.o   -c /home/oliver/Oliver/Programas/clion-2017.1.2/bin/cmake/share/cmake-3.7/Modules/CheckFunctionExists.c
Linking C executable cmTC_ae496
/home/oliver/Oliver/Programas/clion-2017.1.2/bin/cmake/bin/cmake -E cmake_link_script CMakeFiles/cmTC_ae496.dir/link.txt --verbose=1
/usr/bin/cc   -DCHECK_FUNCTION_EXISTS=pthread_create    CMakeFiles/cmTC_ae496.dir/CheckFunctionExists.c.o  -o cmTC_ae496 -lpthreads 
/usr/bin/ld: cannot find -lpthreads
collect2: error: ld returned 1 exit status
CMakeFiles/cmTC_ae496.dir/build.make:97: recipe for target 'cmTC_ae496' failed
make[1]: *** [cmTC_ae496] Error 1
make[1]: Leaving directory '/home/oliver/Oliver/Programación/Algo 2/TP2/mapache/cmake-build-debug/CMakeFiles/CMakeTmp'
Makefile:126: recipe for target 'cmTC_ae496/fast' failed
make: *** [cmTC_ae496/fast] Error 2


